<?xml version="1.0" encoding="UTF-8"?>
<!-- Generated by org.testng.reporters.JUnitReportReporter -->
<testsuite hostname="DESKTOP-5RN11MV" failures="0" tests="2" name="cucumberOptions.TestNGTestRunner" time="21.128" errors="0" timestamp="2023-01-15T19:54:03 IST" skipped="0">
  <testcase classname="cucumberOptions.TestNGTestRunner" name="runScenario" time="10.563"/>
  <system-out/>
  <testcase classname="cucumberOptions.TestNGTestRunner" name="runScenario" time="10.565"/>
  <system-out/>
</testsuite> <!-- cucumberOptions.TestNGTestRunner -->
