<?xml version="1.0" encoding="UTF-8"?>
<!-- Generated by org.testng.reporters.JUnitReportReporter -->
<testsuite hostname="DESKTOP-5RN11MV" failures="0" tests="1" name="cucumberOptions.TestNGTestRunner" time="8.940" errors="0" timestamp="2023-01-15T12:46:18 IST" skipped="0">
  <testcase classname="cucumberOptions.TestNGTestRunner" name="runScenario" time="8.940"/>
  <system-out/>
</testsuite> <!-- cucumberOptions.TestNGTestRunner -->
