<?xml version="1.0" encoding="UTF-8"?>
<!-- Generated by org.testng.reporters.JUnitReportReporter -->
<testsuite hostname="DESKTOP-5RN11MV" failures="0" tests="1" name="cucumberOptions.FailedTestRunner" time="10.930" errors="0" timestamp="2023-01-16T11:31:45 IST" skipped="0">
  <testcase classname="cucumberOptions.FailedTestRunner" name="runScenario" time="10.930"/>
  <system-out/>
</testsuite> <!-- cucumberOptions.FailedTestRunner -->
