<?xml version="1.0" encoding="UTF-8"?>
<!-- Generated by org.testng.reporters.JUnitReportReporter -->
<testsuite hostname="DESKTOP-5RN11MV" failures="0" tests="1" name="cucumberOptions.TestNGTestRunner" time="0.182" errors="0" timestamp="2023-01-14T21:43:37 IST" skipped="0">
  <testcase classname="cucumberOptions.TestNGTestRunner" name="runScenario" time="0.182"/>
  <system-out/>
</testsuite> <!-- cucumberOptions.TestNGTestRunner -->
