<?xml version="1.0" encoding="UTF-8"?>
<!-- Generated by org.testng.reporters.JUnitReportReporter -->
<testsuite hostname="DESKTOP-5RN11MV" failures="0" tests="1" name="cucumberOptions.TestNGTestRunner" time="4.082" errors="1" timestamp="2023-01-15T01:35:37 IST" skipped="0">
  <testcase classname="cucumberOptions.TestNGTestRunner" name="runScenario" time="4.082">
    <error message="Cannot invoke &quot;org.openqa.selenium.WebDriver.findElement(org.openqa.selenium.By)&quot; because &quot;this.driver&quot; is null" type="java.lang.NullPointerException">
      <![CDATA[java.lang.NullPointerException: Cannot invoke "org.openqa.selenium.WebDriver.findElement(org.openqa.selenium.By)" because "this.driver" is null
at pageObjects.LandingPage.getSearchBox(LandingPage.java:21)
at stepDefinitions.LandingPageStepDefinitions.user_searched_with_short_name_something_and_extracted_actual_name_of_product(LandingPageStepDefinitions.java:41)
at âœ½.user searched with short name "Tom" and extracted actual name of product(file:///C:/Users/sh614/eclipse-workspace/Cucumber-Selenium-Automationn/src/test/java/features/serachProduct.feature:8)
]]>
    </error>
  </testcase> <!-- runScenario -->
  <system-out/>
</testsuite> <!-- cucumberOptions.TestNGTestRunner -->
